<?xml version="1.0" encoding="UTF-8"?>
<testsuite xmlns:xsi="http://www.w3.org/2001/XMLSchema-instance" xsi:noNamespaceSchemaLocation="https://maven.apache.org/surefire/maven-surefire-plugin/xsd/surefire-test-report.xsd" name="TestSuite" time="0.283" tests="7" errors="0" skipped="0" failures="0">
  <properties>
[...]
</properties>
  <testcase name="shouldAnswerWithTrue on shouldAnswerWithTrue(qaclickacademy.Mavenjava.AppTest)" classname="qaclickacademy.Mavenjava.AppTest" time="0.003"/>
  <testcase name="IOSApp on IOSApp(qaclickacademy.Mavenjava.AppumTest)" classname="qaclickacademy.Mavenjava.AppumTest" time="0.001"/>
  <testcase name="NativeAppAndriod on NativeAppAndriod(qaclickacademy.Mavenjava.AppumTest)" classname="qaclickacademy.Mavenjava.AppumTest" time="0.001"/>
  <testcase name="deleteTwitter on deleteTwitter(qaclickacademy.Mavenjava.RestAPITest)" classname="qaclickacademy.Mavenjava.RestAPITest" time="0.001"/>
  <testcase name="postJira on postJira(qaclickacademy.Mavenjava.RestAPITest)" classname="qaclickacademy.Mavenjava.RestAPITest" time="0.001"/>
  <testcase name="elementUI on elementUI(qaclickacademy.Mavenjava.SeleniumTest)" classname="qaclickacademy.Mavenjava.SeleniumTest" time="0"/>
  <testcase name="BrowserAutomation on BrowserAutomation(qaclickacademy.Mavenjava.SeleniumTest)" classname="qaclickacademy.Mavenjava.SeleniumTest" time="0.001"/>
</testsuite>