<?xml version="1.0" encoding="UTF-8"?>
<testng-results ignored="0" total="7" passed="7" failed="0" skipped="0">
  <reporter-output>
  </reporter-output>
  <suite started-at="2021-07-07T11:55:46Z" name="Surefire suite" finished-at="2021-07-07T11:55:46Z" duration-ms="40">
    <groups>
    </groups>
    <test started-at="2021-07-07T11:55:46Z" name="Surefire test" finished-at="2021-07-07T11:55:46Z" duration-ms="40">
      <class name="qaclickacademy.Mavenjava.RestAPITest">
        <test-method signature="postJira()" started-at="2021-07-07T17:25:46Z" name="postJira" finished-at="2021-07-07T17:25:46Z" duration-ms="1" status="PASS">
          <reporter-output>
          </reporter-output>
        </test-method> <!-- postJira -->
        <test-method signature="deleteTwitter()" started-at="2021-07-07T17:25:46Z" name="deleteTwitter" finished-at="2021-07-07T17:25:46Z" duration-ms="1" status="PASS">
          <reporter-output>
          </reporter-output>
        </test-method> <!-- deleteTwitter -->
      </class> <!-- qaclickacademy.Mavenjava.RestAPITest -->
      <class name="qaclickacademy.Mavenjava.AppTest">
        <test-method signature="shouldAnswerWithTrue()" started-at="2021-07-07T17:25:46Z" name="shouldAnswerWithTrue" finished-at="2021-07-07T17:25:46Z" duration-ms="5" status="PASS">
          <reporter-output>
          </reporter-output>
        </test-method> <!-- shouldAnswerWithTrue -->
      </class> <!-- qaclickacademy.Mavenjava.AppTest -->
      <class name="qaclickacademy.Mavenjava.SeleniumTest">
        <test-method signature="BrowserAutomation()" started-at="2021-07-07T17:25:46Z" name="BrowserAutomation" finished-at="2021-07-07T17:25:46Z" duration-ms="1" status="PASS">
          <reporter-output>
          </reporter-output>
        </test-method> <!-- BrowserAutomation -->
        <test-method signature="elementUI()" started-at="2021-07-07T17:25:46Z" name="elementUI" finished-at="2021-07-07T17:25:46Z" duration-ms="0" status="PASS">
          <reporter-output>
          </reporter-output>
        </test-method> <!-- elementUI -->
      </class> <!-- qaclickacademy.Mavenjava.SeleniumTest -->
      <class name="qaclickacademy.Mavenjava.AppumTest">
        <test-method signature="IOSApp()" started-at="2021-07-07T17:25:46Z" name="IOSApp" finished-at="2021-07-07T17:25:46Z" duration-ms="1" status="PASS">
          <reporter-output>
          </reporter-output>
        </test-method> <!-- IOSApp -->
        <test-method signature="NativeAppAndriod()" started-at="2021-07-07T17:25:46Z" name="NativeAppAndriod" finished-at="2021-07-07T17:25:46Z" duration-ms="1" status="PASS">
          <reporter-output>
          </reporter-output>
        </test-method> <!-- NativeAppAndriod -->
      </class> <!-- qaclickacademy.Mavenjava.AppumTest -->
    </test> <!-- Surefire test -->
  </suite> <!-- Surefire suite -->
</testng-results>
